2025-01-17 20:46:18,450 - INFO - [31m[1mWARNING: This is a development server. Do not use it in a production deployment. Use a production WSGI server instead.[0m
 * Running on http://127.0.0.1:5000
2025-01-17 20:46:18,450 - INFO - [33mPress CTRL+C to quit[0m
2025-01-17 20:46:18,452 - INFO -  * Restarting with stat
2025-01-17 20:46:18,745 - WARNING -  * Debugger is active!
2025-01-17 20:46:18,748 - INFO -  * Debugger PIN: 122-346-260
2025-01-17 20:46:54,604 - INFO -  * Detected change in 'C:\\CyberProject\\app.py', reloading
2025-01-17 20:46:54,693 - INFO -  * Restarting with stat
2025-01-17 20:46:55,030 - WARNING -  * Debugger is active!
2025-01-17 20:46:55,033 - INFO -  * Debugger PIN: 122-346-260
2025-01-17 20:46:57,369 - INFO -  * Detected change in 'C:\\CyberProject\\app.py', reloading
2025-01-17 20:46:57,413 - INFO -  * Restarting with stat
2025-01-17 20:46:57,747 - WARNING -  * Debugger is active!
2025-01-17 20:46:57,753 - INFO -  * Debugger PIN: 122-346-260
2025-01-17 20:47:02,717 - INFO - [31m[1mWARNING: This is a development server. Do not use it in a production deployment. Use a production WSGI server instead.[0m
 * Running on http://127.0.0.1:5000
2025-01-17 20:47:02,717 - INFO - [33mPress CTRL+C to quit[0m
2025-01-17 20:47:02,718 - INFO -  * Restarting with stat
2025-01-17 20:47:02,991 - WARNING -  * Debugger is active!
2025-01-17 20:47:02,993 - INFO -  * Debugger PIN: 122-346-260
2025-01-17 20:47:23,535 - INFO -  * Detected change in 'C:\\CyberProject\\app.py', reloading
2025-01-17 20:47:23,627 - INFO -  * Restarting with stat
2025-01-17 20:47:23,937 - WARNING -  * Debugger is active!
2025-01-17 20:47:23,939 - INFO -  * Debugger PIN: 122-346-260
2025-01-17 20:47:30,686 - INFO - [31m[1mWARNING: This is a development server. Do not use it in a production deployment. Use a production WSGI server instead.[0m
 * Running on http://127.0.0.1:5000
2025-01-17 20:47:30,686 - INFO - [33mPress CTRL+C to quit[0m
2025-01-17 20:47:30,687 - INFO -  * Restarting with stat
2025-01-17 20:47:30,966 - WARNING -  * Debugger is active!
2025-01-17 20:47:30,968 - INFO -  * Debugger PIN: 122-346-260
